<?xml version="1.0" encoding="UTF-8"?>
<!-- Generated by org.testng.reporters.JUnitXMLReporter -->
<testsuite ignored="1" hostname="DESKTOP-5R7CBE7" failures="0" tests="1" name="Test_2" time="13.45" errors="0" timestamp="2024-12-14T13:28:54 IST">
  <testcase classname="LearningTestNG.AddProduct" name="addFirstProduct" time="0.338"/>
  <testcase classname="LearningTestNG.AddProduct" name="removeProduct" time="0.0">
    <ignored/>
  </testcase> <!-- removeProduct -->
</testsuite> <!-- Test_2 -->
