<?xml version="1.0" encoding="UTF-8"?>
<!-- Generated by org.testng.reporters.JUnitXMLReporter -->
<testsuite ignored="0" hostname="DESKTOP-5R7CBE7" failures="1" tests="1" name="edgeTest" time="9.591" errors="0" timestamp="2024-12-26T13:31:32 IST">
  <testcase classname="ListenerConcept.TestScript" name="m1" time="0.015">
    <failure type="java.lang.AssertionError" message="null">
      <![CDATA[java.lang.AssertionError: null
at ListenerConcept.TestScript.m1(TestScript.java:18)
at java.base/java.util.ArrayList.forEach(ArrayList.java:1597)
... Removed 27 stack frames]]>
    </failure>
  </testcase> <!-- m1 -->
</testsuite> <!-- edgeTest -->
