<?xml version="1.0" encoding="UTF-8"?>
<!-- Generated by org.testng.reporters.JUnitXMLReporter -->
<testsuite ignored="0" hostname="DESKTOP-5R7CBE7" failures="1" tests="1" name="Test" time="22.558" errors="0" timestamp="2024-12-10T13:14:17 IST">
  <testcase classname="LearningTestNG.TestNGDemo2" name="demo1" time="22.494">
    <failure type="org.openqa.selenium.TimeoutException" message="Expected condition failed: waiting for url to be &amp;quot;https://rahulnxttrendz.ccbp.tech/&amp;quot;. Current url: &amp;quot;https://rahulnxttrendz.ccbp.tech/login&amp;quot; (tried for 10 second(s) with 500 milliseconds interval)
Build info: version: &amp;apos;3.141.59&amp;apos;, revision: &amp;apos;e82be7d358&amp;apos;, time: &amp;apos;2018-11-14T08:17:03&amp;apos;
System info: host: &amp;apos;DESKTOP-5R7CBE7&amp;apos;, ip: &amp;apos;192.168.204.1&amp;apos;, os.name: &amp;apos;Windows 10&amp;apos;, os.arch: &amp;apos;amd64&amp;apos;, os.version: &amp;apos;10.0&amp;apos;, java.version: &amp;apos;23&amp;apos;
Driver info: org.openqa.selenium.edge.EdgeDriver
Capabilities {acceptInsecureCerts: false, browserName: MicrosoftEdge, browserVersion: 131.0.2903.86, fedcm:accounts: true, javascriptEnabled: true, ms:edgeOptions: {debuggerAddress: localhost:58513}, msedge: {msedgedriverVersion: 131.0.2903.86 (cf5bf303997c..., userDataDir: C:\Users\Jaheer\AppData\Loc...}, networkConnectionEnabled: false, pageLoadStrategy: normal, platform: WINDOWS, platformName: WINDOWS, proxy: Proxy(), setWindowRect: true, strictFileInteractability: false, timeouts: {implicit: 0, pageLoad: 300000, script: 30000}, unhandledPromptBehavior: dismiss and notify, webauthn:extension:credBlob: true, webauthn:extension:largeBlob: true, webauthn:extension:minPinLength: true, webauthn:extension:prf: true, webauthn:virtualAuthenticators: true}
Session ID: 258cf844ee23d39af738c5218be245c6">
      <![CDATA[org.openqa.selenium.TimeoutException: Expected condition failed: waiting for url to be "https://rahulnxttrendz.ccbp.tech/". Current url: "https://rahulnxttrendz.ccbp.tech/login" (tried for 10 second(s) with 500 milliseconds interval)
Build info: version: '3.141.59', revision: 'e82be7d358', time: '2018-11-14T08:17:03'
System info: host: 'DESKTOP-5R7CBE7', ip: '192.168.204.1', os.name: 'Windows 10', os.arch: 'amd64', os.version: '10.0', java.version: '23'
Driver info: org.openqa.selenium.edge.EdgeDriver
Capabilities {acceptInsecureCerts: false, browserName: MicrosoftEdge, browserVersion: 131.0.2903.86, fedcm:accounts: true, javascriptEnabled: true, ms:edgeOptions: {debuggerAddress: localhost:58513}, msedge: {msedgedriverVersion: 131.0.2903.86 (cf5bf303997c..., userDataDir: C:\Users\Jaheer\AppData\Loc...}, networkConnectionEnabled: false, pageLoadStrategy: normal, platform: WINDOWS, platformName: WINDOWS, proxy: Proxy(), setWindowRect: true, strictFileInteractability: false, timeouts: {implicit: 0, pageLoad: 300000, script: 30000}, unhandledPromptBehavior: dismiss and notify, webauthn:extension:credBlob: true, webauthn:extension:largeBlob: true, webauthn:extension:minPinLength: true, webauthn:extension:prf: true, webauthn:virtualAuthenticators: true}
Session ID: 258cf844ee23d39af738c5218be245c6
at org.openqa.selenium.support.ui.WebDriverWait.timeoutException(WebDriverWait.java:95)
at org.openqa.selenium.support.ui.FluentWait.until(FluentWait.java:272)
at LearningTestNG.TestNGDemo2.demo1(TestNGDemo2.java:45)
at java.base/java.util.ArrayList.forEach(ArrayList.java:1597)
... Removed 25 stack frames]]>
    </failure>
  </testcase> <!-- demo1 -->
</testsuite> <!-- Test -->
