<?xml version="1.0" encoding="UTF-8"?>
<!-- Generated by org.testng.reporters.JUnitXMLReporter -->
<testsuite ignored="0" hostname="DESKTOP-5R7CBE7" failures="0" tests="4" name="chrome_test" time="32.489" errors="0" timestamp="2024-12-13T13:52:46 IST">
  <testcase classname="LearningTestNG.AddProduct" name="addFirstProduct" time="0.333"/>
  <testcase classname="LearningTestNG.AddProduct" name="removeProduct" time="4.343"/>
  <testcase classname="LearningTestNG.AddProduct2" name="addFirstProduct" time="0.27"/>
  <testcase classname="LearningTestNG.AddProduct2" name="removeProduct" time="4.321"/>
</testsuite> <!-- chrome_test -->
