<?xml version="1.0" encoding="UTF-8"?>
<!-- Generated by org.testng.reporters.JUnitXMLReporter -->
<testsuite ignored="0" hostname="DESKTOP-5R7CBE7" failures="0" tests="4" name="edge_test" time="43.777" errors="0" timestamp="2024-12-13T13:52:57 IST">
  <testcase classname="LearningTestNG.AddProduct" name="addFirstProduct" time="0.387"/>
  <testcase classname="LearningTestNG.AddProduct" name="removeProduct" time="4.514"/>
  <testcase classname="LearningTestNG.AddProduct2" name="addFirstProduct" time="0.321"/>
  <testcase classname="LearningTestNG.AddProduct2" name="removeProduct" time="4.477"/>
</testsuite> <!-- edge_test -->
