<?xml version="1.0" encoding="UTF-8"?>
<testng-results ignored="2" total="3" passed="1" failed="0" skipped="0">
  <reporter-output>
  </reporter-output>
  <suite started-at="2025-01-22T23:35:22 IST" name="Default suite" finished-at="2025-01-22T23:35:23 IST" duration-ms="1591">
    <groups>
    </groups>
    <test started-at="2025-01-22T23:35:22 IST" name="Default test" finished-at="2025-01-22T23:35:23 IST" duration-ms="1591">
      <class name="DataDrivenTesting.ReadDataFromExcelFile">
        <test-method signature="writeSingleData_NewRow()[pri:0, instance:DataDrivenTesting.ReadDataFromExcelFile@59474f18]" started-at="2025-01-22T23:35:22 IST" name="writeSingleData_NewRow" finished-at="2025-01-22T23:35:23 IST" duration-ms="1515" status="PASS">
          <reporter-output>
          </reporter-output>
        </test-method> <!-- writeSingleData_NewRow -->
      </class> <!-- DataDrivenTesting.ReadDataFromExcelFile -->
    </test> <!-- Default test -->
  </suite> <!-- Default suite -->
</testng-results>
