<?xml version="1.0" encoding="UTF-8"?>
<testng-results ignored="0" total="1" passed="1" failed="0" skipped="0">
  <reporter-output>
  </reporter-output>
  <suite started-at="2025-01-02T19:00:19 IST" name="Default suite" finished-at="2025-01-02T19:00:47 IST" duration-ms="28347">
    <groups>
    </groups>
    <test started-at="2025-01-02T19:00:19 IST" name="Default test" finished-at="2025-01-02T19:00:47 IST" duration-ms="28347">
      <class name="e_Comm_Project.YouTube">
        <test-method signature="youtube()[pri:0, instance:e_Comm_Project.YouTube@73a1e9a9]" started-at="2025-01-02T19:00:19 IST" name="youtube" finished-at="2025-01-02T19:00:47 IST" duration-ms="28266" status="PASS">
          <reporter-output>
          </reporter-output>
        </test-method> <!-- youtube -->
      </class> <!-- e_Comm_Project.YouTube -->
    </test> <!-- Default test -->
  </suite> <!-- Default suite -->
</testng-results>
