<?xml version="1.0" encoding="UTF-8"?>
<!-- Generated by org.testng.reporters.JUnitXMLReporter -->
<testsuite ignored="0" hostname="DESKTOP-5R7CBE7" failures="0" tests="3" name="Test_3" time="42.372" errors="0" timestamp="2024-12-12T15:54:26 IST">
  <testcase classname="e_Comm_Project.ImplementedClass" name="addproduct_1" time="7.958"/>
  <testcase classname="e_Comm_Project.ImplementedClass" name="addproduct_2" time="6.625"/>
  <testcase classname="e_Comm_Project.ImplementedClass" name="addproduct_3" time="5.939"/>
</testsuite> <!-- Test_3 -->
