<?xml version="1.0" encoding="UTF-8"?>
<!-- Generated by org.testng.reporters.JUnitXMLReporter -->
<testsuite ignored="0" hostname="DESKTOP-5R7CBE7" failures="0" tests="3" name="Test_2" time="33.093" errors="0" timestamp="2024-12-13T13:39:30 IST">
  <testcase classname="e_Comm_Project.ImplementedClass" name="addproduct_1" time="7.064"/>
  <testcase classname="e_Comm_Project.ImplementedClass" name="addproduct_2" time="6.279"/>
  <testcase classname="e_Comm_Project.ImplementedClass" name="addproduct_3" time="6.084"/>
</testsuite> <!-- Test_2 -->
