<?xml version="1.0" encoding="UTF-8"?>
<!-- Generated by org.testng.reporters.JUnitXMLReporter -->
<testsuite ignored="0" hostname="DESKTOP-5R7CBE7" failures="0" tests="6" name="Test_1" time="93.177" errors="0" timestamp="2024-12-12T14:16:29 IST">
  <testcase classname="LearningTestNG.AddProduct3" name="addFirstProduct" time="1.014"/>
  <testcase classname="LearningTestNG.AddProduct3" name="removeProduct" time="4.375"/>
  <testcase classname="LearningTestNG.AddProduct2" name="addFirstProduct" time="0.799"/>
  <testcase classname="LearningTestNG.AddProduct2" name="removeProduct" time="4.395"/>
  <testcase classname="LearningTestNG.AddProduct" name="addFirstProduct" time="0.549"/>
  <testcase classname="LearningTestNG.AddProduct" name="removeProduct" time="4.521"/>
</testsuite> <!-- Test_1 -->
