<?xml version="1.0" encoding="UTF-8"?>
<!-- Generated by org.testng.reporters.JUnitXMLReporter -->
<testsuite ignored="0" hostname="DESKTOP-5R7CBE7" failures="0" tests="6" name="Test_3" time="93.248" errors="0" timestamp="2024-12-12T14:16:29 IST">
  <testcase classname="LearningTestNG.AddProduct3" name="addFirstProduct" time="0.99"/>
  <testcase classname="LearningTestNG.AddProduct3" name="removeProduct" time="4.54"/>
  <testcase classname="LearningTestNG.AddProduct2" name="addFirstProduct" time="0.744"/>
  <testcase classname="LearningTestNG.AddProduct2" name="removeProduct" time="4.432"/>
  <testcase classname="LearningTestNG.AddProduct" name="addFirstProduct" time="0.64"/>
  <testcase classname="LearningTestNG.AddProduct" name="removeProduct" time="4.389"/>
</testsuite> <!-- Test_3 -->
