<?xml version="1.0" encoding="UTF-8"?>
<!-- Generated by org.testng.reporters.JUnitXMLReporter -->
<testsuite ignored="0" hostname="DESKTOP-5R7CBE7" failures="0" tests="6" name="Test_2" time="93.698" errors="0" timestamp="2024-12-12T14:16:30 IST">
  <testcase classname="LearningTestNG.AddProduct3" name="addFirstProduct" time="1.093"/>
  <testcase classname="LearningTestNG.AddProduct3" name="removeProduct" time="4.424"/>
  <testcase classname="LearningTestNG.AddProduct2" name="addFirstProduct" time="0.671"/>
  <testcase classname="LearningTestNG.AddProduct2" name="removeProduct" time="4.362"/>
  <testcase classname="LearningTestNG.AddProduct" name="addFirstProduct" time="0.559"/>
  <testcase classname="LearningTestNG.AddProduct" name="removeProduct" time="4.362"/>
</testsuite> <!-- Test_2 -->
