<?xml version="1.0" encoding="UTF-8"?>
<!-- Generated by org.testng.reporters.JUnitXMLReporter -->
<testsuite ignored="2" hostname="DESKTOP-5R7CBE7" failures="0" tests="1" name="Default test" time="1.591" errors="0" timestamp="2025-01-22T23:35:23 IST">
  <testcase classname="DataDrivenTesting.ReadDataFromExcelFile" name="writeSingleData_NewRow" time="1.515"/>
  <testcase classname="DataDrivenTesting.ReadDataFromExcelFile" name="readTheRecord" time="0.0">
    <ignored/>
  </testcase> <!-- readTheRecord -->
  <testcase classname="DataDrivenTesting.ReadDataFromExcelFile" name="readSingleData" time="0.0">
    <ignored/>
  </testcase> <!-- readSingleData -->
</testsuite> <!-- Default test -->
